\BOOKMARK [0][-]{section*.1}{Resumen}{}% 1
\BOOKMARK [0][-]{chapter.1}{Introducci\363n general}{}% 2
\BOOKMARK [1][-]{section.1.1}{Introducci\363n}{chapter.1}% 3
\BOOKMARK [2][-]{subsection.1.1.1}{Una introducci\363n \(no tan corta\) a LaTeX}{section.1.1}% 4
\BOOKMARK [3][-]{section*.7}{Una subsubsecci\363n}{subsection.1.1.1}% 5
\BOOKMARK [2][-]{subsection.1.1.2}{Gu\355a matem\341tica r\341pida para LaTeX}{section.1.1}% 6
\BOOKMARK [1][-]{section.1.2}{Estado del arte}{chapter.1}% 7
\BOOKMARK [2][-]{subsection.1.2.1}{Libelium}{section.1.2}% 8
\BOOKMARK [2][-]{subsection.1.2.2}{Nodo RF-M1 DropControl}{section.1.2}% 9
\BOOKMARK [2][-]{subsection.1.2.3}{Nodo RF-M1 DropControl}{section.1.2}% 10
\BOOKMARK [1][-]{section.1.3}{Objetivo y alcances}{chapter.1}% 11
\BOOKMARK [2][-]{subsection.1.3.1}{Objetivo}{section.1.3}% 12
\BOOKMARK [2][-]{subsection.1.3.2}{Alcances}{section.1.3}% 13
\BOOKMARK [1][-]{section.1.4}{Entorno de trabajo}{chapter.1}% 14
\BOOKMARK [2][-]{subsection.1.4.1}{Paquetes adicionales}{section.1.4}% 15
\BOOKMARK [2][-]{subsection.1.4.2}{Configurando TexMaker}{section.1.4}% 16
\BOOKMARK [1][-]{section.1.5}{Personalizando la plantilla, el archivo memoria.tex}{chapter.1}% 17
\BOOKMARK [1][-]{section.1.6}{El c\363digo del archivo memoria.tex explicado}{chapter.1}% 18
\BOOKMARK [1][-]{section.1.7}{Bibliograf\355a}{chapter.1}% 19
\BOOKMARK [0][-]{chapter.2}{Introducci\363n espec\355fica}{}% 20
\BOOKMARK [1][-]{section.2.1}{Estilo y convenciones}{chapter.2}% 21
\BOOKMARK [2][-]{subsection.2.1.1}{Uso de may\372scula inicial para los t\355tulo de secciones}{section.2.1}% 22
\BOOKMARK [2][-]{subsection.2.1.2}{Este es el t\355tulo de una subsecci\363n}{section.2.1}% 23
\BOOKMARK [2][-]{subsection.2.1.3}{Figuras}{section.2.1}% 24
\BOOKMARK [2][-]{subsection.2.1.4}{Tablas}{section.2.1}% 25
\BOOKMARK [2][-]{subsection.2.1.5}{Ecuaciones}{section.2.1}% 26
\BOOKMARK [0][-]{chapter.3}{Dise\361o e implementaci\363n}{}% 27
\BOOKMARK [1][-]{section.3.1}{An\341lisis del software}{chapter.3}% 28
\BOOKMARK [0][-]{chapter.4}{Ensayos y resultados}{}% 29
\BOOKMARK [1][-]{section.4.1}{Pruebas funcionales del hardware}{chapter.4}% 30
\BOOKMARK [0][-]{chapter.5}{Conclusiones}{}% 31
\BOOKMARK [1][-]{section.5.1}{Conclusiones generales }{chapter.5}% 32
\BOOKMARK [1][-]{section.5.2}{Pr\363ximos pasos}{chapter.5}% 33
\BOOKMARK [0][-]{appendix*.18}{Bibliograf\355a}{}% 34
