This is pdfTeX, Version 3.14159265-2.6-1.40.20 (TeX Live 2019/Debian) (preloaded format=pdflatex 2023.5.31)  22 DEC 2023 11:05
entering extended mode
 restricted \write18 enabled.
 file:line:error style messages enabled.
 %&-line parsing enabled.
**/home/mario/Documents/memoria_CESE/memoria.tex
(/home/mario/Documents/memoria_CESE/memoria.tex
LaTeX2e <2020-02-02> patch level 2
L3 programming layer <2020-02-14> (./MastersDoctoralThesis.cls
Document Class: MastersDoctoralThesis 2016/03/25 v1.4 LaTeXTemplates.com
(/usr/share/texlive/texmf-dist/tex/latex/etoolbox/etoolbox.sty
Package: etoolbox 2019/09/21 v2.5h e-TeX tools for LaTeX (JAW)
\etb@tempcnta=\count167
) (/usr/share/texlive/texmf-dist/tex/latex/l3packages/xparse/xparse.sty (/usr/share/texlive/texmf-dist/tex/latex/l3kernel/expl3.sty
Package: expl3 2020-02-14 L3 programming layer (loader) 
 (/usr/share/texlive/texmf-dist/tex/latex/l3backend/l3backend-pdfmode.def
File: l3backend-pdfmode.def 2020-02-03 L3 backend support: PDF mode
\l__kernel_color_stack_int=\count168
\l__pdf_internal_box=\box45
))
Package: xparse 2020-02-14 L3 Experimental document command parser
\l__xparse_current_arg_int=\count169
\g__xparse_grabber_int=\count170
\l__xparse_m_args_int=\count171
\l__xparse_v_nesting_int=\count172
) (/usr/share/texlive/texmf-dist/tex/latex/base/book.cls
Document Class: book 2019/12/20 v1.4l Standard LaTeX document class
(/usr/share/texlive/texmf-dist/tex/latex/base/bk11.clo
File: bk11.clo 2019/12/20 v1.4l Standard LaTeX file (size option)
)
\c@part=\count173
\c@chapter=\count174
\c@section=\count175
\c@subsection=\count176
\c@subsubsection=\count177
\c@paragraph=\count178
\c@subparagraph=\count179
\c@figure=\count180
\c@table=\count181
\abovecaptionskip=\skip47
\belowcaptionskip=\skip48
\bibindent=\dimen134
) (/usr/share/texlive/texmf-dist/tex/latex/parskip/parskip.sty
Package: parskip 2020-01-22 v2.0d non-zero parskip adjustments
 (/usr/share/texlive/texmf-dist/tex/latex/kvoptions/kvoptions.sty
Package: kvoptions 2019/11/29 v3.13 Key value format for package options (HO)
 (/usr/share/texlive/texmf-dist/tex/latex/graphics/keyval.sty
Package: keyval 2014/10/28 v1.15 key=value parser (DPC)
\KV@toks@=\toks14
) (/usr/share/texlive/texmf-dist/tex/generic/ltxcmds/ltxcmds.sty
Package: ltxcmds 2019/12/15 v1.24 LaTeX kernel commands for general use (HO)
) (/usr/share/texlive/texmf-dist/tex/generic/kvsetkeys/kvsetkeys.sty
Package: kvsetkeys 2019/12/15 v1.18 Key value parser (HO)
))) (/usr/share/texlive/texmf-dist/tex/generic/babel/babel.sty
Package: babel 2020/02/14 3.40 The Babel package
 (/usr/share/texlive/texmf-dist/tex/generic/babel/switch.def
File: switch.def 2020/02/14 3.40 Babel switching mechanism
) (/usr/share/texlive/texmf-dist/tex/generic/babel-spanish/spanish.ldf
Language: spanish.ldf 2016/03/03 v5.0p Spanish support from the babel system
 (/usr/share/texlive/texmf-dist/tex/generic/babel/babel.def
File: babel.def 2020/02/14 3.40 Babel common definitions
\babel@savecnt=\count182
\U@D=\dimen135
 (/usr/share/texlive/texmf-dist/tex/generic/babel/txtbabel.def)
\bbl@readstream=\read2
\bbl@dirlevel=\count183
)
\es@quottoks=\toks15
\es@quotdepth=\count184
Package babel Info: Making " an active character on input line 561.
Package babel Info: Making . an active character on input line 662.
Package babel Info: Making < an active character on input line 707.
Package babel Info: Making > an active character on input line 707.
)) (/usr/share/texlive/texmf-dist/tex/latex/koma-script/scrbase.sty
Package: scrbase 2020/01/24 v3.29 KOMA-Script package (KOMA-Script-independent basics and keyval usage)
 (/usr/share/texlive/texmf-dist/tex/latex/koma-script/scrlfile.sty
Package: scrlfile 2020/01/24 v3.29 KOMA-Script package (loading files)
)) (/usr/share/texlive/texmf-dist/tex/latex/koma-script/scrhack.sty
Package: scrhack 2020/01/24 v3.29 KOMA-Script package (hacking other packages)
 (/usr/share/texlive/texmf-dist/tex/latex/koma-script/scrkbase.sty
Package: scrkbase 2020/01/24 v3.29 KOMA-Script package (KOMA-Script-dependent basics and keyval usage)
) (/usr/share/texlive/texmf-dist/tex/latex/xpatch/xpatch.sty
Package: xpatch 2012/10/02 v0.3 Extending etoolbox patching commands
)) (/usr/share/texlive/texmf-dist/tex/latex/setspace/setspace.sty
Package: setspace 2011/12/19 v6.7a set line spacing
)
Package scrhack Info: loading setspace hack on input line 189.
 (/usr/share/texlive/texmf-dist/tex/latex/koma-script/setspace.hak
File: setspace.hak 2020/01/24 v3.29 KOMA-Script scrhack part (hacking package setspace)
) (/usr/share/texlive/texmf-dist/tex/latex/tools/longtable.sty
Package: longtable 2020/01/07 v4.13 Multi-page Table package (DPC)
\LTleft=\skip49
\LTright=\skip50
\LTpre=\skip51
\LTpost=\skip52
\LTchunksize=\count185
\LTcapwidth=\dimen136
\LT@head=\box46
\LT@firsthead=\box47
\LT@foot=\box48
\LT@lastfoot=\box49
\LT@cols=\count186
\LT@rows=\count187
\c@LT@tables=\count188
\c@LT@chunks=\count189
\LT@p@ftn=\toks16
) (/usr/share/texlive/texmf-dist/tex/latex/siunitx/siunitx.sty
Package: siunitx 2020/01/15 v2.7u A comprehensive (SI) units package
 (/usr/share/texlive/texmf-dist/tex/latex/amsmath/amstext.sty
Package: amstext 2000/06/29 v2.01 AMS text
 (/usr/share/texlive/texmf-dist/tex/latex/amsmath/amsgen.sty
File: amsgen.sty 1999/11/30 v2.0 generic functions
\@emptytoks=\toks17
\ex@=\dimen137
)) (/usr/share/texlive/texmf-dist/tex/latex/tools/array.sty
Package: array 2019/08/31 v2.4l Tabular extension package (FMi)
\col@sep=\dimen138
\ar@mcellbox=\box50
\extrarowheight=\dimen139
\NC@list=\toks18
\extratabsurround=\skip53
\backup@length=\skip54
\ar@cellbox=\box51
) (/usr/share/texlive/texmf-dist/tex/latex/l3packages/l3keys2e/l3keys2e.sty
Package: l3keys2e 2020-02-14 LaTeX2e option processing using LaTeX3 keys
)
\l__siunitx_tmp_box=\box52
\l__siunitx_tmp_dim=\dimen140
\l__siunitx_tmp_int=\count190
\l__siunitx_number_mantissa_length_int=\count191
\l__siunitx_number_uncert_length_int=\count192
\l__siunitx_round_int=\count193
\l__siunitx_process_decimal_int=\count194
\l__siunitx_process_uncertainty_int=\count195
\l__siunitx_process_fixed_int=\count196
\l__siunitx_process_integer_min_int=\count197
\l__siunitx_process_precision_int=\count198
\l__siunitx_group_min_int=\count199
\l__siunitx_angle_marker_box=\box53
\l__siunitx_angle_unit_box=\box54
\l__siunitx_angle_marker_dim=\dimen141
\l__siunitx_angle_unit_dim=\dimen142
\l__siunitx_unit_int=\count266
\l__siunitx_unit_denominator_int=\count267
\l__siunitx_unit_numerator_int=\count268
\l__siunitx_unit_prefix_int=\count269
\l__siunitx_unit_prefix_base_int=\count270
\l__siunitx_unit_prefix_gram_int=\count271
\l__siunitx_number_product_int=\count272
\c__siunitx_one_fill_skip=\skip55
\l__siunitx_table_unit_align_skip=\skip56
\l__siunitx_table_exponent_dim=\dimen143
\l__siunitx_table_integer_dim=\dimen144
\l__siunitx_table_mantissa_dim=\dimen145
\l__siunitx_table_marker_dim=\dimen146
\l__siunitx_table_result_dim=\dimen147
\l__siunitx_table_uncert_dim=\dimen148
\l__siunitx_table_fill_pre_dim=\dimen149
\l__siunitx_table_fill_post_dim=\dimen150
\l__siunitx_table_fill_mid_dim=\dimen151
\l__siunitx_table_pre_box=\box55
\l__siunitx_table_post_box=\box56
\l__siunitx_table_mantissa_box=\box57
\l__siunitx_table_result_box=\box58
\l__siunitx_table_number_align_skip=\skip57
\l__siunitx_table_text_align_skip=\skip58
 (/usr/share/texlive/texmf-dist/tex/latex/translator/translator.sty
Package: translator 2019-05-31 v1.12a Easy translation of strings in LaTeX
)) (/usr/share/texlive/texmf-dist/tex/latex/graphics/graphicx.sty
Package: graphicx 2019/11/30 v1.2a Enhanced LaTeX Graphics (DPC,SPQR)
 (/usr/share/texlive/texmf-dist/tex/latex/graphics/graphics.sty
Package: graphics 2019/11/30 v1.4a Standard LaTeX Graphics (DPC,SPQR)
 (/usr/share/texlive/texmf-dist/tex/latex/graphics/trig.sty
Package: trig 2016/01/03 v1.10 sin cos tan (DPC)
) (/usr/share/texlive/texmf-dist/tex/latex/graphics-cfg/graphics.cfg
File: graphics.cfg 2016/06/04 v1.11 sample graphics configuration
)
Package graphics Info: Driver file: pdftex.def on input line 105.
 (/usr/share/texlive/texmf-dist/tex/latex/graphics-def/pdftex.def
File: pdftex.def 2018/01/08 v1.0l Graphics/color driver for pdftex
))
\Gin@req@height=\dimen152
\Gin@req@width=\dimen153
) (/usr/share/texlive/texmf-dist/tex/latex/booktabs/booktabs.sty
Package: booktabs 2020/01/12 v1.61803398 Publication quality tables
\heavyrulewidth=\dimen154
\lightrulewidth=\dimen155
\cmidrulewidth=\dimen156
\belowrulesep=\dimen157
\belowbottomsep=\dimen158
\aboverulesep=\dimen159
\abovetopsep=\dimen160
\cmidrulesep=\dimen161
\cmidrulekern=\dimen162
\defaultaddspace=\dimen163
\@cmidla=\count273
\@cmidlb=\count274
\@aboverulesep=\dimen164
\@belowrulesep=\dimen165
\@thisruleclass=\count275
\@lastruleclass=\count276
\@thisrulewidth=\dimen166
) (/usr/share/texlive/texmf-dist/tex/latex/caption/caption.sty
Package: caption 2020/01/03 v3.4h Customizing captions (AR)
 (/usr/share/texlive/texmf-dist/tex/latex/caption/caption3.sty
Package: caption3 2020/01/03 v1.8h caption3 kernel (AR)
Package caption3 Info: TeX engine: e-TeX on input line 61.
\captionmargin=\dimen167
\captionmargin@=\dimen168
\captionwidth=\dimen169
\caption@tempdima=\dimen170
\caption@indent=\dimen171
\caption@parindent=\dimen172
\caption@hangindent=\dimen173
Package caption Info: Standard document class detected.
)
\c@caption@flags=\count277
\c@continuedfloat=\count278
Package caption Info: longtable package is loaded.
 (/usr/share/texlive/texmf-dist/tex/latex/caption/ltcaption.sty
Package: ltcaption 2018/08/26 v1.4a longtable captions (AR)
)) (/usr/share/texlive/texmf-dist/tex/latex/listings/listings.sty
\lst@mode=\count279
\lst@gtempboxa=\box59
\lst@token=\toks19
\lst@length=\count280
\lst@currlwidth=\dimen174
\lst@column=\count281
\lst@pos=\count282
\lst@lostspace=\dimen175
\lst@width=\dimen176
\lst@newlines=\count283
\lst@lineno=\count284
\lst@maxwidth=\dimen177
 (/usr/share/texlive/texmf-dist/tex/latex/listings/lstmisc.sty
File: lstmisc.sty 2019/09/10 1.8c (Carsten Heinz)
\c@lstnumber=\count285
\lst@skipnumbers=\count286
\lst@framebox=\box60
) (/usr/share/texlive/texmf-dist/tex/latex/listings/listings.cfg
File: listings.cfg 2019/09/10 1.8c listings configuration
))
Package scrhack Info: loading listings hack on input line 203.
 (/usr/share/texlive/texmf-dist/tex/latex/koma-script/listings.hak
File: listings.hak 2020/01/24 v3.29 KOMA-Script scrhack part (hacking package listings)
 (/usr/share/texlive/texmf-dist/tex/latex/koma-script/tocbasic.sty
Package: tocbasic 2020/01/24 v3.29 KOMA-Scriptpackage(handling toc-files)
\scr@dte@tocline@numberwidth=\skip59
\scr@dte@tocline@numbox=\box61
)
Package tocbasic Info: setting babel extension for `lol' on input line 137.
Package scrhack Info: redefining \lstlistoflistings on input line 137.
)
Package: listings 2019/09/10 1.8c (Carsten Heinz)
 (/usr/share/texlive/texmf-dist/tex/latex/base/inputenc.sty
Package: inputenc 2018/08/11 v1.3c Input encoding file
\inpenc@prehook=\toks20
\inpenc@posthook=\toks21
) (/usr/share/texlive/texmf-dist/tex/latex/base/fontenc.sty
Package: fontenc 2020/02/11 v2.0o Standard LaTeX package
) (/usr/share/texlive/texmf-dist/tex/latex/psnfss/palatino.sty
Package: palatino 2005/04/12 PSNFSS-v9.2a (SPQR) 
) (/usr/share/texlive/texmf-dist/tex/latex/biblatex/biblatex.sty
Package: biblatex 2019/12/01 v3.14 programmable bibliographies (PK/MW)
 (/usr/share/texlive/texmf-dist/tex/latex/pdftexcmds/pdftexcmds.sty
Package: pdftexcmds 2019/11/24 v0.31 Utility functions of pdfTeX for LuaTeX (HO)
 (/usr/share/texlive/texmf-dist/tex/generic/infwarerr/infwarerr.sty
Package: infwarerr 2019/12/03 v1.5 Providing info/warning/error messages (HO)
) (/usr/share/texlive/texmf-dist/tex/generic/iftex/iftex.sty
Package: iftex 2019/11/07 v1.0c TeX engine tests
)
Package pdftexcmds Info: \pdf@primitive is available.
Package pdftexcmds Info: \pdf@ifprimitive is available.
Package pdftexcmds Info: \pdfdraftmode found.
) (/usr/share/texlive/texmf-dist/tex/latex/logreq/logreq.sty
Package: logreq 2010/08/04 v1.0 xml request logger
\lrq@indent=\count287
 (/usr/share/texlive/texmf-dist/tex/latex/logreq/logreq.def
File: logreq.def 2010/08/04 v1.0 logreq spec v1.0
)) (/usr/share/texlive/texmf-dist/tex/latex/base/ifthen.sty
Package: ifthen 2014/09/29 v1.1c Standard LaTeX ifthen package (DPC)
) (/usr/share/texlive/texmf-dist/tex/latex/url/url.sty
\Urlmuskip=\muskip16
Package: url 2013/09/16  ver 3.4  Verb mode for urls, etc.
)
\c@tabx@nest=\count288
\c@listtotal=\count289
\c@listcount=\count290
\c@liststart=\count291
\c@liststop=\count292
\c@citecount=\count293
\c@citetotal=\count294
\c@multicitecount=\count295
\c@multicitetotal=\count296
\c@instcount=\count297
\c@maxnames=\count298
\c@minnames=\count299
\c@maxitems=\count300
\c@minitems=\count301
\c@citecounter=\count302
\c@maxcitecounter=\count303
\c@savedcitecounter=\count304
\c@uniquelist=\count305
\c@uniquename=\count306
\c@refsection=\count307
\c@refsegment=\count308
\c@maxextratitle=\count309
\c@maxextratitleyear=\count310
\c@maxextraname=\count311
\c@maxextradate=\count312
\c@maxextraalpha=\count313
\c@abbrvpenalty=\count314
\c@highnamepenalty=\count315
\c@lownamepenalty=\count316
\c@maxparens=\count317
\c@parenlevel=\count318
\blx@tempcnta=\count319
\blx@tempcntb=\count320
\blx@tempcntc=\count321
\blx@maxsection=\count322
\blx@maxsegment@0=\count323
\blx@notetype=\count324
\blx@parenlevel@text=\count325
\blx@parenlevel@foot=\count326
\blx@sectionciteorder@0=\count327
\blx@entrysetcounter=\count328
\labelnumberwidth=\skip60
\labelalphawidth=\skip61
\biblabelsep=\skip62
\bibitemsep=\skip63
\bibnamesep=\skip64
\bibinitsep=\skip65
\bibparsep=\skip66
\bibhang=\skip67
\blx@bcfin=\read3
\blx@bcfout=\write3
\blx@langwohyphens=\language85
\c@mincomprange=\count329
\c@maxcomprange=\count330
\c@mincompwidth=\count331
Package biblatex Info: Trying to load biblatex default data model...
Package biblatex Info: ... file 'blx-dm.def' found.
 (/usr/share/texlive/texmf-dist/tex/latex/biblatex/blx-dm.def
File: blx-dm.def 2019/12/01 v3.14 biblatex localization (PK/MW)
)
Package biblatex Info: Trying to load biblatex style data model...
Package biblatex Info: ... file 'numeric.dbx' not found.
Package biblatex Info: Trying to load biblatex custom data model...
Package biblatex Info: ... file 'biblatex-dm.cfg' not found.
\c@afterword=\count332
\c@savedafterword=\count333
\c@annotator=\count334
\c@savedannotator=\count335
\c@author=\count336
\c@savedauthor=\count337
\c@bookauthor=\count338
\c@savedbookauthor=\count339
\c@commentator=\count340
\c@savedcommentator=\count341
\c@editor=\count342
\c@savededitor=\count343
\c@editora=\count344
\c@savededitora=\count345
\c@editorb=\count346
\c@savededitorb=\count347
\c@editorc=\count348
\c@savededitorc=\count349
\c@foreword=\count350
\c@savedforeword=\count351
\c@holder=\count352
\c@savedholder=\count353
\c@introduction=\count354
\c@savedintroduction=\count355
\c@namea=\count356
\c@savednamea=\count357
\c@nameb=\count358
\c@savednameb=\count359
\c@namec=\count360
\c@savednamec=\count361
\c@translator=\count362
\c@savedtranslator=\count363
\c@shortauthor=\count364
\c@savedshortauthor=\count365
\c@shorteditor=\count366
\c@savedshorteditor=\count367
\c@labelname=\count368
\c@savedlabelname=\count369
\c@institution=\count370
\c@savedinstitution=\count371
\c@lista=\count372
\c@savedlista=\count373
\c@listb=\count374
\c@savedlistb=\count375
\c@listc=\count376
\c@savedlistc=\count377
\c@listd=\count378
\c@savedlistd=\count379
\c@liste=\count380
\c@savedliste=\count381
\c@listf=\count382
\c@savedlistf=\count383
\c@location=\count384
\c@savedlocation=\count385
\c@organization=\count386
\c@savedorganization=\count387
\c@origlocation=\count388
\c@savedoriglocation=\count389
\c@origpublisher=\count390
\c@savedorigpublisher=\count391
\c@publisher=\count392
\c@savedpublisher=\count393
\c@language=\count394
\c@savedlanguage=\count395
\c@origlanguage=\count396
\c@savedoriglanguage=\count397
\c@pageref=\count398
\c@savedpageref=\count399
\shorthandwidth=\skip68
\shortjournalwidth=\skip69
\shortserieswidth=\skip70
\shorttitlewidth=\skip71
\shortauthorwidth=\skip72
\shorteditorwidth=\skip73
\locallabelnumberwidth=\skip74
\locallabelalphawidth=\skip75
\localshorthandwidth=\skip76
\localshortjournalwidth=\skip77
\localshortserieswidth=\skip78
\localshorttitlewidth=\skip79
\localshortauthorwidth=\skip80
\localshorteditorwidth=\skip81
Package biblatex Info: Trying to load compatibility code...
Package biblatex Info: ... file 'blx-compat.def' found.
 (/usr/share/texlive/texmf-dist/tex/latex/biblatex/blx-compat.def
File: blx-compat.def 2019/12/01 v3.14 biblatex compatibility (PK/MW)
)
Package biblatex Info: Trying to load BibTeX backend compatibility...
Package biblatex Info: ... file 'blx-bibtex.def' found.
 (/usr/share/texlive/texmf-dist/tex/latex/biblatex/blx-bibtex.def
File: blx-bibtex.def 2019/12/01 v3.14 biblatex compatibility (PK/MW)


Package biblatex Warning: Using fall-back BibTeX(8) backend:
(biblatex)                functionality may be reduced/unavailable.

)
Package biblatex Info: Trying to load generic definitions...
Package biblatex Info: ... file 'biblatex.def' found.
 (/usr/share/texlive/texmf-dist/tex/latex/biblatex/biblatex.def
File: biblatex.def 2019/12/01 v3.14 biblatex compatibility (PK/MW)
\c@textcitecount=\count400
\c@textcitetotal=\count401
\c@textcitemaxnames=\count402
\c@biburlbigbreakpenalty=\count403
\c@biburlbreakpenalty=\count404
\c@biburlnumpenalty=\count405
\c@biburlucpenalty=\count406
\c@biburllcpenalty=\count407
\biburlbigskip=\muskip17
\biburlnumskip=\muskip18
\biburlucskip=\muskip19
\biburllcskip=\muskip20
\c@smartand=\count408
)
Package biblatex Info: Trying to load natbib compatibility...
Package biblatex Info: ... file 'blx-natbib.def' found.
 (/usr/share/texlive/texmf-dist/tex/latex/biblatex/blx-natbib.def
File: blx-natbib.def 2019/12/01 v3.14 biblatex compatibility (PK/MW)
Package biblatex Info: Delimiter 'nameyeardelim' in context '' already defined, overwriting.
)
Package biblatex Info: Trying to load bibliography style 'numeric'...
Package biblatex Info: ... file 'numeric.bbx' found.
 (/usr/share/texlive/texmf-dist/tex/latex/biblatex/bbx/numeric.bbx
File: numeric.bbx 2019/12/01 v3.14 biblatex bibliography style (PK/MW)
Package biblatex Info: Trying to load bibliography style 'standard'...
Package biblatex Info: ... file 'standard.bbx' found.
 (/usr/share/texlive/texmf-dist/tex/latex/biblatex/bbx/standard.bbx
File: standard.bbx 2019/12/01 v3.14 biblatex bibliography style (PK/MW)
\c@bbx:relatedcount=\count409
\c@bbx:relatedtotal=\count410
))
Package biblatex Info: Trying to load citation style 'numeric'...
Package biblatex Info: ... file 'numeric.cbx' found.
 (/usr/share/texlive/texmf-dist/tex/latex/biblatex/cbx/numeric.cbx
File: numeric.cbx 2019/12/01 v3.14 biblatex citation style (PK/MW)
Package biblatex Info: Redefining '\cite'.
Package biblatex Info: Redefining '\parencite'.
Package biblatex Info: Redefining '\footcite'.
Package biblatex Info: Redefining '\footcitetext'.
Package biblatex Info: Redefining '\smartcite'.
Package biblatex Info: Redefining '\supercite'.
Package biblatex Info: Redefining '\textcite'.
Package biblatex Info: Redefining '\textcites'.
Package biblatex Info: Redefining '\cites'.
Package biblatex Info: Redefining '\parencites'.
Package biblatex Info: Redefining '\smartcites'.
)
Package biblatex Info: Trying to load configuration file...
Package biblatex Info: ... file 'biblatex.cfg' found.
 (/usr/share/texlive/texmf-dist/tex/latex/biblatex/biblatex.cfg
File: biblatex.cfg 
)) (/usr/share/texlive/texmf-dist/tex/latex/csquotes/csquotes.sty
Package: csquotes 2019-12-06 v5.2j context-sensitive quotations (JAW)
\csq@reset=\count411
\csq@gtype=\count412
\csq@glevel=\count413
\csq@qlevel=\count414
\csq@maxlvl=\count415
\csq@tshold=\count416
\csq@ltx@everypar=\toks22
 (/usr/share/texlive/texmf-dist/tex/latex/csquotes/csquotes.def
File: csquotes.def 2019-12-06 v5.2j csquotes generic definitions (JAW)
)
Package csquotes Info: Trying to load configuration file 'csquotes.cfg'...
Package csquotes Info: ... configuration file loaded successfully.
 (/usr/share/texlive/texmf-dist/tex/latex/csquotes/csquotes.cfg
File: csquotes.cfg 
)
Package csquotes Info: Enabling multilingual quotes.
) (/usr/share/texlive/texmf-dist/tex/latex/xcolor/xcolor.sty
Package: xcolor 2016/05/11 v2.12 LaTeX color extensions (UK)
 (/usr/share/texlive/texmf-dist/tex/latex/graphics-cfg/color.cfg
File: color.cfg 2016/01/02 v1.6 sample color configuration
)
Package xcolor Info: Driver file: pdftex.def on input line 225.
Package xcolor Info: Model `cmy' substituted by `cmy0' on input line 1348.
Package xcolor Info: Model `hsb' substituted by `rgb' on input line 1352.
Package xcolor Info: Model `RGB' extended on input line 1364.
Package xcolor Info: Model `HTML' substituted by `rgb' on input line 1366.
Package xcolor Info: Model `Hsb' substituted by `hsb' on input line 1367.
Package xcolor Info: Model `tHsb' substituted by `hsb' on input line 1368.
Package xcolor Info: Model `HSB' substituted by `hsb' on input line 1369.
Package xcolor Info: Model `Gray' substituted by `gray' on input line 1370.
Package xcolor Info: Model `wave' substituted by `hsb' on input line 1371.
) (/usr/share/texlive/texmf-dist/tex/latex/caption/subcaption.sty
Package: subcaption 2020/01/22 v1.3d Sub-captions (AR)
\c@subfigure=\count417
\c@subtable=\count418
) (/usr/share/texlive/texmf-dist/tex/latex/hyperref/hyperref.sty
Package: hyperref 2020/01/14 v7.00d Hypertext links for LaTeX
 (/usr/share/texlive/texmf-dist/tex/generic/kvdefinekeys/kvdefinekeys.sty
Package: kvdefinekeys 2019-12-19 v1.6 Define keys (HO)
) (/usr/share/texlive/texmf-dist/tex/generic/pdfescape/pdfescape.sty
Package: pdfescape 2019/12/09 v1.15 Implements pdfTeX's escape features (HO)
) (/usr/share/texlive/texmf-dist/tex/latex/hycolor/hycolor.sty
Package: hycolor 2020-01-27 v1.10 Color options for hyperref/bookmark (HO)
) (/usr/share/texlive/texmf-dist/tex/latex/letltxmacro/letltxmacro.sty
Package: letltxmacro 2019/12/03 v1.6 Let assignment for LaTeX macros (HO)
) (/usr/share/texlive/texmf-dist/tex/latex/auxhook/auxhook.sty
Package: auxhook 2019-12-17 v1.6 Hooks for auxiliary files (HO)
)
\@linkdim=\dimen178
\Hy@linkcounter=\count419
\Hy@pagecounter=\count420
 (/usr/share/texlive/texmf-dist/tex/latex/hyperref/pd1enc.def
File: pd1enc.def 2020/01/14 v7.00d Hyperref: PDFDocEncoding definition (HO)
Now handling font encoding PD1 ...
... no UTF-8 mapping file for font encoding PD1
) (/usr/share/texlive/texmf-dist/tex/generic/intcalc/intcalc.sty
Package: intcalc 2019/12/15 v1.3 Expandable calculations with integers (HO)
) (/usr/share/texlive/texmf-dist/tex/generic/etexcmds/etexcmds.sty
Package: etexcmds 2019/12/15 v1.7 Avoid name clashes with e-TeX commands (HO)
)
\Hy@SavedSpaceFactor=\count421
\pdfmajorversion=\count422
Package hyperref Info: Option `bookmarks' set `true' on input line 4421.
Package hyperref Info: Option `unicode' set `false' on input line 4421.
Package hyperref Info: Option `pdftoolbar' set `true' on input line 4421.
Package hyperref Info: Option `pdfmenubar' set `true' on input line 4421.
Package hyperref Info: Option `pdffitwindow' set `false' on input line 4421.
Package hyperref Info: Option `colorlinks' set `true' on input line 4421.
Package hyperref Info: Hyper figures OFF on input line 4547.
Package hyperref Info: Link nesting OFF on input line 4552.
Package hyperref Info: Hyper index ON on input line 4555.
Package hyperref Info: Plain pages OFF on input line 4562.
Package hyperref Info: Backreferencing OFF on input line 4567.
Package hyperref Info: Implicit mode ON; LaTeX internals redefined.
Package hyperref Info: Bookmarks ON on input line 4800.
\c@Hy@tempcnt=\count423
LaTeX Info: Redefining \url on input line 5159.
\XeTeXLinkMargin=\dimen179
 (/usr/share/texlive/texmf-dist/tex/generic/bitset/bitset.sty
Package: bitset 2019/12/09 v1.3 Handle bit-vector datatype (HO)
 (/usr/share/texlive/texmf-dist/tex/generic/bigintcalc/bigintcalc.sty
Package: bigintcalc 2019/12/15 v1.5 Expandable calculations on big integers (HO)
))
\Fld@menulength=\count424
\Field@Width=\dimen180
\Fld@charsize=\dimen181
Package hyperref Info: Hyper figures OFF on input line 6430.
Package hyperref Info: Link nesting OFF on input line 6435.
Package hyperref Info: Hyper index ON on input line 6438.
Package hyperref Info: backreferencing OFF on input line 6445.
Package hyperref Info: Link coloring ON on input line 6448.
Package hyperref Info: Link coloring with OCG OFF on input line 6455.
Package hyperref Info: PDF/A mode OFF on input line 6460.
LaTeX Info: Redefining \ref on input line 6500.
LaTeX Info: Redefining \pageref on input line 6504.
 (/usr/share/texlive/texmf-dist/tex/generic/atbegshi/atbegshi.sty
Package: atbegshi 2019/12/05 v1.19 At begin shipout hook (HO)
)
\Hy@abspage=\count425
\c@Item=\count426
\c@Hfootnote=\count427
)
Package scrhack Info: hyperref hack deactivated because of
(scrhack)             detection of hyperref version, that doesn't
(scrhack)             need that hack, on input line 227.
Package hyperref Info: Driver (autodetected): hpdftex.
 (/usr/share/texlive/texmf-dist/tex/latex/hyperref/hpdftex.def
File: hpdftex.def 2020/01/14 v7.00d Hyperref driver for pdfTeX
 (/usr/share/texlive/texmf-dist/tex/latex/atveryend/atveryend.sty
Package: atveryend 2019-12-11 v1.11 Hooks at the very end of document (HO)
)
\Fld@listcount=\count428
\c@bookmark@seq@number=\count429
 (/usr/share/texlive/texmf-dist/tex/latex/rerunfilecheck/rerunfilecheck.sty
Package: rerunfilecheck 2019/12/05 v1.9 Rerun checks for auxiliary files (HO)
 (/usr/share/texlive/texmf-dist/tex/generic/uniquecounter/uniquecounter.sty
Package: uniquecounter 2019/12/15 v1.4 Provide unlimited unique counter (HO)
)
Package uniquecounter Info: New unique counter `rerunfilecheck' on input line 286.
)
\Hy@SectionHShift=\skip82
) (/usr/share/texlive/texmf-dist/tex/latex/geometry/geometry.sty
Package: geometry 2020/01/02 v5.9 Page Geometry
 (/usr/share/texlive/texmf-dist/tex/generic/iftex/ifvtex.sty
Package: ifvtex 2019/10/25 v1.7 ifvtex legacy package. Use iftex instead.
)
\Gm@cnth=\count430
\Gm@cntv=\count431
\c@Gm@tempcnt=\count432
\Gm@bindingoffset=\dimen182
\Gm@wd@mp=\dimen183
\Gm@odd@mp=\dimen184
\Gm@even@mp=\dimen185
\Gm@layoutwidth=\dimen186
\Gm@layoutheight=\dimen187
\Gm@layouthoffset=\dimen188
\Gm@layoutvoffset=\dimen189
\Gm@dimlist=\toks23
) (/usr/share/texlive/texmf-dist/tex/latex/koma-script/scrlayer-scrpage.sty
Package: scrlayer-scrpage 2020/01/24 v3.29 KOMA-Script package (end user interface for scrlayer)
 (/usr/share/texlive/texmf-dist/tex/latex/koma-script/scrlayer.sty
Package: scrlayer 2020/01/24 v3.29 KOMA-Script package (defining layers and page styles)
\footheight=\skip83
Package scrlayer Info: patching LaTeX kernel macro \pagestyle on input line 2106.
)
Package scrbase Info: Unknown processing state.
(scrbase)             Processing option `markcase=used'
(scrbase)             of member `.scrlayer-scrpage.sty' of family
(scrbase)             `KOMA' doesn't set
(scrbase)             a valid state. This will be interpreted
(scrbase)             as \FamilyKeyStateProcessed on input line 724.
)
Package scrlayer-scrpage Info: auto-selection of `pagestyleset=standard'.

1: chapter
1: chapter
1: section
) (/usr/share/texlive/texmf-dist/tex/latex/graphics/lscape.sty
Package: lscape 2000/10/22 v3.01 Landscape Pages (DPC)
)
Package scrhack Info: loading lscape hack on input line 28.
 (/usr/share/texlive/texmf-dist/tex/latex/koma-script/lscape.hak
File: lscape.hak 2020/01/24 v3.29 KOMA-Script scrhack part (hacking package lscape)
Package scrhack Info: \landscape patched to make \textheight change optional on input line 90.
\scrh@LT@textheight=\skip84
)
Package csquotes Info: Checking for multilingual support...
Package csquotes Info: ... found 'babel' package.
 (/home/mario/Documents/memoria_CESE/build/memoria.aux
LaTeX Info: Redefining \. on input line 31.
LaTeX Info: Redefining \% on input line 31.
 (/home/mario/Documents/memoria_CESE/build/Chapters/Chapter1.aux) (/home/mario/Documents/memoria_CESE/build/Chapters/Chapter2.aux) (/home/mario/Documents/memoria_CESE/build/Chapters/Chapter3.aux) (/home/mario/Documents/memoria_CESE/build/Chapters/Chapter4.aux) (/home/mario/Documents/memoria_CESE/build/Chapters/Chapter5.aux))
\openout1 = `memoria.aux'.

LaTeX Font Info:    Checking defaults for OML/cmm/m/it on input line 61.
LaTeX Font Info:    ... okay on input line 61.
LaTeX Font Info:    Checking defaults for OMS/cmsy/m/n on input line 61.
LaTeX Font Info:    ... okay on input line 61.
LaTeX Font Info:    Checking defaults for OT1/cmr/m/n on input line 61.
LaTeX Font Info:    ... okay on input line 61.
LaTeX Font Info:    Checking defaults for T1/cmr/m/n on input line 61.
LaTeX Font Info:    ... okay on input line 61.
LaTeX Font Info:    Checking defaults for TS1/cmr/m/n on input line 61.
LaTeX Font Info:    ... okay on input line 61.
LaTeX Font Info:    Checking defaults for OMX/cmex/m/n on input line 61.
LaTeX Font Info:    ... okay on input line 61.
LaTeX Font Info:    Checking defaults for U/cmr/m/n on input line 61.
LaTeX Font Info:    ... okay on input line 61.
LaTeX Font Info:    Checking defaults for PD1/pdf/m/n on input line 61.
LaTeX Font Info:    ... okay on input line 61.
LaTeX Font Info:    Trying to load font information for T1+ppl on input line 61.
 (/usr/share/texlive/texmf-dist/tex/latex/psnfss/t1ppl.fd
File: t1ppl.fd 2001/06/04 font definitions for T1/ppl.
)
LaTeX Info: Redefining \. on input line 61.
LaTeX Info: Redefining \% on input line 61.
 (/usr/share/texlive/texmf-dist/tex/latex/translator/translator-basic-dictionary-English.dict
Dictionary: translator-basic-dictionary, Language: English 
) (/usr/share/texlive/texmf-dist/tex/latex/translator/translator-basic-dictionary-Spanish.dict
Dictionary: translator-basic-dictionary, Language: Spanish 
) (/usr/share/texlive/texmf-dist/tex/latex/siunitx/siunitx-abbreviations.cfg
File: siunitx-abbreviations.cfg 2017/11/26 v2.7k siunitx: Abbreviated units
) (/usr/share/texlive/texmf-dist/tex/context/base/mkii/supp-pdf.mkii
[Loading MPS to PDF converter (version 2006.09.02).]
\scratchcounter=\count433
\scratchdimen=\dimen190
\scratchbox=\box62
\nofMPsegments=\count434
\nofMParguments=\count435
\everyMPshowfont=\toks24
\MPscratchCnt=\count436
\MPscratchDim=\dimen191
\MPnumerator=\count437
\makeMPintoPDFobject=\count438
\everyMPtoPDFconversion=\toks25
) (/usr/share/texlive/texmf-dist/tex/latex/epstopdf-pkg/epstopdf-base.sty
Package: epstopdf-base 2020-01-24 v2.11 Base part for package epstopdf
Package epstopdf-base Info: Redefining graphics rule for `.eps' on input line 485.
 (/usr/share/texlive/texmf-dist/tex/latex/latexconfig/epstopdf-sys.cfg
File: epstopdf-sys.cfg 2010/07/13 v1.3 Configuration of (r)epstopdf for TeX Live
))
Package caption Info: Begin \AtBeginDocument code.
Package caption Info: hyperref package is loaded.
Package caption Info: listings package is loaded.
Package caption Info: End \AtBeginDocument code.
\c@lstlisting=\count439
Package scrhack Info: undefining \float@addtolists on input line 61.
Package biblatex Info: Trying to load language 'spanish'...
Package biblatex Info: ... file 'spanish.lbx' found.
 (/usr/share/texlive/texmf-dist/tex/latex/biblatex/lbx/spanish.lbx
File: spanish.lbx 2019/12/01 v3.14 biblatex localization (PK/MW)
)
Package biblatex Info: Input encoding 'utf8' detected.
Package biblatex Info: Automatic encoding selection.
(biblatex)             Assuming data encoding 'utf8'.
Package biblatex Info: Input encoding 'utf8' specified.
Package biblatex Info: Data encoding 'utf8' specified.
(biblatex)             No need to reencode data.
\openout3 = `memoria-blx.bib'.

Package biblatex Info: Trying to load bibliographic data...
Package biblatex Info: ... file 'memoria.bbl' found.
 (/home/mario/Documents/memoria_CESE/build/memoria.bbl)
Package biblatex Info: Reference section=0 on input line 61.
Package biblatex Info: Reference segment=0 on input line 61.
\AtBeginShipoutBox=\box63
Package hyperref Info: Link coloring ON on input line 61.
 (/usr/share/texlive/texmf-dist/tex/latex/hyperref/nameref.sty
Package: nameref 2019/09/16 v2.46 Cross-referencing by name of section
 (/usr/share/texlive/texmf-dist/tex/latex/refcount/refcount.sty
Package: refcount 2019/12/15 v3.6 Data extraction from label references (HO)
) (/usr/share/texlive/texmf-dist/tex/generic/gettitlestring/gettitlestring.sty
Package: gettitlestring 2019/12/15 v1.6 Cleanup title references (HO)
)
\c@section@level=\count440
)
LaTeX Info: Redefining \ref on input line 61.
LaTeX Info: Redefining \pageref on input line 61.
LaTeX Info: Redefining \nameref on input line 61.
 (/home/mario/Documents/memoria_CESE/build/memoria.out) (/home/mario/Documents/memoria_CESE/build/memoria.out)
\@outlinefile=\write4
\openout4 = `memoria.out'.


*geometry* driver: auto-detecting
*geometry* detected driver: pdftex
*geometry* verbose mode - [ preamble ] result:
* driver: pdftex
* paper: a4paper
* layout: <same size as paper>
* layoutoffset:(h,v)=(0.0pt,0.0pt)
* bindingoffset: 56.9055pt
* modes: includehead includefoot twoside 
* h-part:(L,W,R)=(56.9055pt, 389.80269pt, 93.89418pt)
* v-part:(T,H,B)=(42.67912pt, 759.6886pt, 42.67912pt)
* \paperwidth=597.50787pt
* \paperheight=845.04684pt
* \textwidth=389.80269pt
* \textheight=693.49821pt
* \oddsidemargin=41.54102pt
* \evensidemargin=21.62419pt
* \topmargin=-29.59087pt
* \headheight=18.85364pt
* \headsep=19.8738pt
* \topskip=11.0pt
* \footskip=27.46295pt
* \marginparwidth=116.0pt
* \marginparsep=7.0pt
* \columnsep=10.0pt
* \skip\footins=10.0pt plus 4.0pt minus 2.0pt
* \hoffset=0.0pt
* \voffset=0.0pt
* \mag=1000
* \@twocolumnfalse
* \@twosidetrue
* \@mparswitchtrue
* \@reversemarginfalse
* (1in=72.27pt=25.4mm, 1cm=28.453pt)

Package scrlayer Info: Setting magic \footheight to \baselineskip while
(scrlayer)             \begin{document} on input line 61.
<./Figures/logoFIUBA.pdf, id=285, 460.9062pt x 153.61644pt>
File: ./Figures/logoFIUBA.pdf Graphic file (type pdf)
<use ./Figures/logoFIUBA.pdf>
Package pdftex.def Info: ./Figures/logoFIUBA.pdf  used on input line 61.
(pdftex.def)             Requested size: 311.84334pt x 103.93976pt.
[1


{/var/lib/texmf/fonts/map/pdftex/updmap/pdftex.map} <./Figures/logoFIUBA.pdf>]
LaTeX Info: Redefining \sptext on input line 61.
LaTeX Info: Redefining \lsc on input line 61.
LaTeX Info: Redefining \. on input line 61.
LaTeX Info: Redefining \% on input line 61.
LaTeX Info: Redefining \dotlessi on input line 61.
Package scrbase Info: activating spanish \lstlistingname on input line 61.
LaTeX Info: Redefining \sptext on input line 61.
LaTeX Info: Redefining \lsc on input line 61.
LaTeX Info: Redefining \. on input line 61.
LaTeX Info: Redefining \% on input line 61.
LaTeX Info: Redefining \dotlessi on input line 61.
Package scrbase Info: activating spanish \acknowledgementname on input line 61.
LaTeX Info: Redefining \sptext on input line 61.
LaTeX Info: Redefining \lsc on input line 61.
LaTeX Info: Redefining \. on input line 61.
LaTeX Info: Redefining \% on input line 61.
LaTeX Info: Redefining \dotlessi on input line 61.
Package scrbase Info: activating spanish \authorshipname on input line 61.
LaTeX Info: Redefining \sptext on input line 61.
LaTeX Info: Redefining \lsc on input line 61.
LaTeX Info: Redefining \. on input line 61.
LaTeX Info: Redefining \% on input line 61.
LaTeX Info: Redefining \dotlessi on input line 61.
Package scrbase Info: activating spanish \abbrevname on input line 61.
LaTeX Info: Redefining \sptext on input line 61.
LaTeX Info: Redefining \lsc on input line 61.
LaTeX Info: Redefining \. on input line 61.
LaTeX Info: Redefining \% on input line 61.
LaTeX Info: Redefining \dotlessi on input line 61.
Package scrbase Info: activating spanish \byname on input line 61.
LaTeX Font Info:    External font `cmex10' loaded for size
(Font)              <10.95> on input line 61.
LaTeX Font Info:    External font `cmex10' loaded for size
(Font)              <8> on input line 61.
LaTeX Font Info:    External font `cmex10' loaded for size
(Font)              <6> on input line 61.
 [2

]
1: section
--------------------
 Resumen
--------------------
1: section
[1

] [2

]
--------------------
 Agradecimientos
--------------------
1: section
[3] [4

] (/home/mario/Documents/memoria_CESE/build/memoria.toc
LaTeX Info: Redefining \. on input line 2.
LaTeX Info: Redefining \% on input line 2.

1: section
[5])
\tf@toc=\write5
\openout5 = `memoria.toc'.

 [6] (/home/mario/Documents/memoria_CESE/build/memoria.lof
LaTeX Info: Redefining \. on input line 2.
LaTeX Info: Redefining \% on input line 2.

1: section
[7

])
\tf@lof=\write6
\openout6 = `memoria.lof'.

 [8] (/home/mario/Documents/memoria_CESE/build/memoria.lot
LaTeX Info: Redefining \. on input line 2.
LaTeX Info: Redefining \% on input line 2.
)
\tf@lot=\write7
\openout7 = `memoria.lot'.


1: section
[9

] [10

]
1: section
\openout2 = `Chapters/Chapter1.aux'.

(./Chapters/Chapter1.tex
Cap\'{\i }tulo 1.
1: section
pdfTeX warning (ext4): destination with the same identifier (name{page.1}) has been already used, duplicate ignored
<to be read again> 
                   \relax 
l.39 
      [1


]
<./Figures/modulo_libelium.png, id=544, 825.0825pt x 1068.99374pt>
File: ./Figures/modulo_libelium.png Graphic file (type png)
<use ./Figures/modulo_libelium.png>
Package pdftex.def Info: ./Figures/modulo_libelium.png  used on input line 70.
(pdftex.def)             Requested size: 142.26393pt x 170.71626pt.
LaTeX Info: Redefining \. on input line 80.
LaTeX Info: Redefining \% on input line 80.
pdfTeX warning (ext4): destination with the same identifier (name{page.2}) has been already used, duplicate ignored
<to be read again> 
                   \relax 
l.80 \begin{itemize}
                     [2]
<./Figures/modulo_dropcontrol.png, id=553, 666.49pt x 1021.8175pt>
File: ./Figures/modulo_dropcontrol.png Graphic file (type png)
<use ./Figures/modulo_dropcontrol.png>
Package pdftex.def Info: ./Figures/modulo_dropcontrol.png  used on input line 91.
(pdftex.def)             Requested size: 170.71034pt x 213.38745pt.
LaTeX Info: Redefining \. on input line 101.
LaTeX Info: Redefining \% on input line 101.
 [3 <./Figures/modulo_libelium.png> <./Figures/modulo_dropcontrol.png>])
LaTeX Info: Redefining \. on input line 124.
LaTeX Info: Redefining \% on input line 124.
 [4]
\openout2 = `Chapters/Chapter2.aux'.

 (./Chapters/Chapter2.tex
Cap\'{\i }tulo 2.

Underfull \hbox (badness 10000) in paragraph at lines 14--17

 []

<./Figures/nucleo-l432kc.png, id=569, 277.035pt x 361.35pt>
File: ./Figures/nucleo-l432kc.png Graphic file (type png)
<use ./Figures/nucleo-l432kc.png>
Package pdftex.def Info: ./Figures/nucleo-l432kc.png  used on input line 31.
(pdftex.def)             Requested size: 113.80911pt x 142.26578pt.
LaTeX Font Info:    External font `cmex10' loaded for size
(Font)              <7> on input line 32.
LaTeX Font Info:    External font `cmex10' loaded for size
(Font)              <5> on input line 32.
LaTeX Font Info:    External font `cmex10' loaded for size
(Font)              <9> on input line 36.

Overfull \hbox (107.76465pt too wide) in paragraph at lines 36--36
[][]\T1/ppl/m/n/9 Datasheet [][]$https : / / www . st . com / resource / en / user _ manual / um1956-[]stm32-[]nucleo32-[]boards-[]mb1180-[]stmicroelectronics .
 []

1: section
[5



]
Underfull \hbox (badness 10000) in paragraph at lines 39--42

 []

<./Figures/moduloBG96.png, id=580, 598.235pt x 918.43124pt>
File: ./Figures/moduloBG96.png Graphic file (type png)
<use ./Figures/moduloBG96.png>
Package pdftex.def Info: ./Figures/moduloBG96.png  used on input line 52.
(pdftex.def)             Requested size: 113.81187pt x 156.4816pt.
<./Figures/aht10.png, id=586, 1000.73875pt x 828.09375pt>
File: ./Figures/aht10.png Graphic file (type png)
<use ./Figures/aht10.png>
Package pdftex.def Info: ./Figures/aht10.png  used on input line 62.
(pdftex.def)             Requested size: 116.94199pt x 96.764pt.
LaTeX Info: Redefining \. on input line 67.
LaTeX Info: Redefining \% on input line 67.
[6 <./Figures/nucleo-l432kc.png> <./Figures/moduloBG96.png>]
<./Figures/ml8511.png, id=602, 457.71pt x 478.78876pt>
File: ./Figures/ml8511.png Graphic file (type png)
<use ./Figures/ml8511.png>
Package pdftex.def Info: ./Figures/ml8511.png  used on input line 72.
(pdftex.def)             Requested size: 116.94199pt x 122.32695pt.
<./Figures/sensordehumedad.png, id=608, 492.84125pt x 478.78876pt>
File: ./Figures/sensordehumedad.png Graphic file (type png)
<use ./Figures/sensordehumedad.png>
Package pdftex.def Info: ./Figures/sensordehumedad.png  used on input line 83.
(pdftex.def)             Requested size: 128.03793pt x 128.03271pt.
LaTeX Info: Redefining \. on input line 91.
LaTeX Info: Redefining \% on input line 91.
 [7 <./Figures/aht10.png> <./Figures/ml8511.png>]
<./Figures/logo_FreeRTOS.png, id=631, 406.51875pt x 153.57375pt>
File: ./Figures/logo_FreeRTOS.png Graphic file (type png)
<use ./Figures/logo_FreeRTOS.png>
Package pdftex.def Info: ./Figures/logo_FreeRTOS.png  used on input line 100.
(pdftex.def)             Requested size: 170.71188pt x 56.90575pt.
LaTeX Info: Redefining \. on input line 108.
LaTeX Info: Redefining \% on input line 108.
 [8 <./Figures/sensordehumedad.png> <./Figures/logo_FreeRTOS.png>]
<./Figures/mqtt-publish-subscribe.png, id=652, 1027.84pt x 321.2pt>
File: ./Figures/mqtt-publish-subscribe.png Graphic file (type png)
<use ./Figures/mqtt-publish-subscribe.png>
Package pdftex.def Info: ./Figures/mqtt-publish-subscribe.png  used on input line 121.
(pdftex.def)             Requested size: 389.79909pt x 93.89058pt.
LaTeX Info: Redefining \. on input line 131.
LaTeX Info: Redefining \% on input line 131.
 [9 <./Figures/mqtt-publish-subscribe.png>]
<./Figures/ubidots.png, id=670, 2119.92pt x 1626.075pt>
File: ./Figures/ubidots.png Graphic file (type png)
<use ./Figures/ubidots.png>
Package pdftex.def Info: ./Figures/ubidots.png  used on input line 134.
(pdftex.def)             Requested size: 284.52713pt x 170.70569pt.
<./Figures/thingsboard.png, id=675, 1927.2pt x 869.2475pt>
File: ./Figures/thingsboard.png Graphic file (type png)
<use ./Figures/thingsboard.png>
Package pdftex.def Info: ./Figures/thingsboard.png  used on input line 144.
(pdftex.def)             Requested size: 284.50949pt x 156.48431pt.
)
LaTeX Info: Redefining \. on input line 125.
LaTeX Info: Redefining \% on input line 125.
 [10 <./Figures/ubidots.png> <./Figures/thingsboard.png>]
\openout2 = `Chapters/Chapter3.aux'.

 (./Chapters/Chapter3.tex
Cap\'{\i }tulo 3.
(/usr/share/texlive/texmf-dist/tex/latex/listings/lstlang1.sty
File: lstlang1.sty 2019/09/10 1.8c listings language file
) (/usr/share/texlive/texmf-dist/tex/latex/listings/lstmisc.sty
File: lstmisc.sty 2019/09/10 1.8c (Carsten Heinz)
)
<./Figures/DiagramaDelSistema.png, id=688, 584.93532pt x 213.6482pt>
File: ./Figures/DiagramaDelSistema.png Graphic file (type png)
<use ./Figures/DiagramaDelSistema.png>
Package pdftex.def Info: ./Figures/DiagramaDelSistema.png  used on input line 56.
(pdftex.def)             Requested size: 389.81609pt x 227.62656pt.

1: section
[11



 <./Figures/DiagramaDelSistema.png>]
<./Figures/Capas del firmware.png, id=695, 234.42581pt x 253.84837pt>
File: ./Figures/Capas del firmware.png Graphic file (type png)
<use ./Figures/Capas del firmware.png>
Package pdftex.def Info: ./Figures/Capas del firmware.png  used on input line 74.
(pdftex.def)             Requested size: 199.16986pt x 227.62476pt.
LaTeX Info: Redefining \. on input line 84.
LaTeX Info: Redefining \% on input line 84.
 [12 <./Figures/Capas del firmware.png>]
LaTeX Font Info:    Trying to load font information for TS1+ppl on input line 93.
 (/usr/share/texlive/texmf-dist/tex/latex/psnfss/ts1ppl.fd
File: ts1ppl.fd 2001/06/04 font definitions for TS1/ppl.
)
LaTeX Info: Redefining \. on input line 113.
LaTeX Info: Redefining \% on input line 113.
 [13]
<./Figures/DF inicio firmware.png, id=707, 80.85207pt x 305.79243pt>
File: ./Figures/DF inicio firmware.png Graphic file (type png)
<use ./Figures/DF inicio firmware.png>
Package pdftex.def Info: ./Figures/DF inicio firmware.png  used on input line 125.
(pdftex.def)             Requested size: 71.13152pt x 270.30666pt.
LaTeX Info: Redefining \. on input line 140.
LaTeX Info: Redefining \% on input line 140.
 [14

 <./Figures/DF inicio firmware.png>]
<./Figures/DF task loop.png, id=713, 488.7861pt x 626.0991pt>
File: ./Figures/DF task loop.png Graphic file (type png)
<use ./Figures/DF task loop.png>
Package pdftex.def Info: ./Figures/DF task loop.png  used on input line 143.
(pdftex.def)             Requested size: 341.43193pt x 455.24294pt.
<./Figures/DF task adquisicion.png, id=715, 196.93575pt x 311.66437pt>
File: ./Figures/DF task adquisicion.png Graphic file (type png)
<use ./Figures/DF task adquisicion.png>
Package pdftex.def Info: ./Figures/DF task adquisicion.png  used on input line 155.
(pdftex.def)             Requested size: 142.27141pt x 199.16966pt.


LaTeX Warning: `h' float specifier changed to `ht'.

LaTeX Info: Redefining \. on input line 161.
LaTeX Info: Redefining \% on input line 161.
[15 <./Figures/DF task loop.png>]
<./Figures/DF_alarms.png, id=722, 292.2418pt x 280.49794pt>
File: ./Figures/DF_alarms.png Graphic file (type png)
<use ./Figures/DF_alarms.png>
Package pdftex.def Info: ./Figures/DF_alarms.png  used on input line 173.
(pdftex.def)             Requested size: 170.71773pt x 170.72256pt.
LaTeX Info: Redefining \. on input line 181.
LaTeX Info: Redefining \% on input line 181.
 [16 <./Figures/DF task adquisicion.png> <./Figures/DF_alarms.png>]
<./Figures/DF general task conection.png, id=731, 327.02174pt x 420.52106pt>
File: ./Figures/DF general task conection.png Graphic file (type png)
<use ./Figures/DF general task conection.png>
Package pdftex.def Info: ./Figures/DF general task conection.png  used on input line 184.
(pdftex.def)             Requested size: 227.62125pt x 230.46596pt.
<./Figures/SM down server.png, id=732, 406.06706pt x 390.258pt>
File: ./Figures/SM down server.png Graphic file (type png)
<use ./Figures/SM down server.png>
Package pdftex.def Info: ./Figures/SM down server.png  used on input line 191.
(pdftex.def)             Requested size: 227.61905pt x 219.08487pt.
LaTeX Info: Redefining \. on input line 195.
LaTeX Info: Redefining \% on input line 195.
 [17 <./Figures/DF general task conection.png> <./Figures/SM down server.png>]
<./Figures/SM up server.png, id=739, 423.7431pt x 628.749pt>
File: ./Figures/SM up server.png Graphic file (type png)
<use ./Figures/SM up server.png>
Package pdftex.def Info: ./Figures/SM up server.png  used on input line 199.
(pdftex.def)             Requested size: 284.54004pt x 369.89377pt.
LaTeX Info: Redefining \. on input line 220.
LaTeX Info: Redefining \% on input line 220.
 [18

 <./Figures/SM up server.png>]
LaTeX Info: Redefining \. on input line 273.
LaTeX Info: Redefining \% on input line 273.
 [19]
Overfull \hbox (19.58006pt too wide) in paragraph at lines 323--326
[]\T1/ppl/m/n/10.95 Para el en-vío de men-sa-jes de tex-to se desa-rro-lló en el dri-ver la fun-ción \T1/ppl/m/it/10.95 send_sms_bg96()
 []

LaTeX Info: Redefining \. on input line 326.
LaTeX Info: Redefining \% on input line 326.
[20]
LaTeX Info: Redefining \. on input line 368.
LaTeX Info: Redefining \% on input line 368.
 [21]
<./Figures/esquematico_raiz.png, id=892, 539.31488pt x 373.99725pt>
File: ./Figures/esquematico_raiz.png Graphic file (type png)
<use ./Figures/esquematico_raiz.png>
Package pdftex.def Info: ./Figures/esquematico_raiz.png  used on input line 372.
(pdftex.def)             Requested size: 389.79591pt x 227.62437pt.
<./Figures/esquematico_modulos.png, id=894, 1595.9625pt x 584.1825pt>
File: ./Figures/esquematico_modulos.png Graphic file (type png)
<use ./Figures/esquematico_modulos.png>
Package pdftex.def Info: ./Figures/esquematico_modulos.png  used on input line 381.
(pdftex.def)             Requested size: 284.50903pt x 128.03918pt.
<./Figures/esquematico_debug.png, id=896, 1123.19624pt x 664.4825pt>
File: ./Figures/esquematico_debug.png Graphic file (type png)
<use ./Figures/esquematico_debug.png>
Package pdftex.def Info: ./Figures/esquematico_debug.png  used on input line 389.
(pdftex.def)             Requested size: 284.51744pt x 99.57681pt.
<./Figures/conectores_sensores.png, id=898, 1632.0975pt x 429.605pt>
File: ./Figures/conectores_sensores.png Graphic file (type png)
<use ./Figures/conectores_sensores.png>
Package pdftex.def Info: ./Figures/conectores_sensores.png  used on input line 397.
(pdftex.def)             Requested size: 284.52557pt x 113.80545pt.
LaTeX Info: Redefining \. on input line 401.
LaTeX Info: Redefining \% on input line 401.
 [22

 <./Figures/esquematico_raiz.png> <./Figures/esquematico_modulos.png> <./Figures/esquematico_debug.png>]
<./Figures/esquematico_alimentacion.png, id=907, 1129.21875pt x 359.3425pt>
File: ./Figures/esquematico_alimentacion.png Graphic file (type png)
<use ./Figures/esquematico_alimentacion.png>
Package pdftex.def Info: ./Figures/esquematico_alimentacion.png  used on input line 406.
(pdftex.def)             Requested size: 284.52672pt x 99.58438pt.
<./Figures/pcb_top.png, id=909, 623.32875pt x 829.0975pt>
File: ./Figures/pcb_top.png Graphic file (type png)
<use ./Figures/pcb_top.png>
Package pdftex.def Info: ./Figures/pcb_top.png  used on input line 417.
(pdftex.def)             Requested size: 109.14427pt x 145.17014pt.
<./Figures/pcb_bot.png, id=910, 608.2725pt x 830.10126pt>
File: ./Figures/pcb_bot.png Graphic file (type png)
<use ./Figures/pcb_bot.png>
Package pdftex.def Info: ./Figures/pcb_bot.png  used on input line 422.
(pdftex.def)             Requested size: 105.24838pt x 143.62328pt.
LaTeX Info: Redefining \. on input line 429.
LaTeX Info: Redefining \% on input line 429.
 [23 <./Figures/conectores_sensores.png> <./Figures/esquematico_alimentacion.png> <./Figures/pcb_top.png> <./Figures/pcb_bot.png>]
<./Figures/tarjeta3d.png, id=920, 767.86874pt x 627.34375pt>
File: ./Figures/tarjeta3d.png Graphic file (type png)
<use ./Figures/tarjeta3d.png>
Package pdftex.def Info: ./Figures/tarjeta3d.png  used on input line 433.
(pdftex.def)             Requested size: 199.16078pt x 113.80724pt.
<./Figures/hardware_vistalateral.png, id=922, 1155.31625pt x 635.37375pt>
File: ./Figures/hardware_vistalateral.png Graphic file (type png)
<use ./Figures/hardware_vistalateral.png>
Package pdftex.def Info: ./Figures/hardware_vistalateral.png  used on input line 441.
(pdftex.def)             Requested size: 199.16887pt x 113.80972pt.
<./Figures/panel_principal_editado.png, id=924, 746.63943pt x 391.61307pt>
File: ./Figures/panel_principal_editado.png Graphic file (type png)
<use ./Figures/panel_principal_editado.png>
Package pdftex.def Info: ./Figures/panel_principal_editado.png  used on input line 462.
(pdftex.def)             Requested size: 389.80417pt x 213.39201pt.


LaTeX Warning: `h' float specifier changed to `ht'.

LaTeX Info: Redefining \. on input line 470.
LaTeX Info: Redefining \% on input line 470.
[24

 <./Figures/tarjeta3d.png> <./Figures/hardware_vistalateral.png>]
<./Figures/panel_nodosensor_editado2.png, id=932, 907.89188pt x 471.56175pt>
File: ./Figures/panel_nodosensor_editado2.png Graphic file (type png)
<use ./Figures/panel_nodosensor_editado2.png>
Package pdftex.def Info: ./Figures/panel_nodosensor_editado2.png  used on input line 479.
(pdftex.def)             Requested size: 389.80406pt x 213.39526pt.
)
LaTeX Info: Redefining \. on input line 126.
LaTeX Info: Redefining \% on input line 126.
 [25 <./Figures/panel_principal_editado.png> <./Figures/panel_nodosensor_editado2.png>]
\openout2 = `Chapters/Chapter4.aux'.

 (./Chapters/Chapter4.tex [26



]
Cap\'{\i }tulo 4.
1: section
[27]
<./Figures/resultado_test_aht10.png, id=977, 1084.05pt x 506.89375pt>
File: ./Figures/resultado_test_aht10.png Graphic file (type png)
<use ./Figures/resultado_test_aht10.png>
Package pdftex.def Info: ./Figures/resultado_test_aht10.png  used on input line 81.
(pdftex.def)             Requested size: 191.0018pt x 142.26187pt.
<./Figures/resultado_test_bg96.png, id=978, 1178.4025pt x 511.9125pt>
File: ./Figures/resultado_test_bg96.png Graphic file (type png)
<use ./Figures/resultado_test_bg96.png>
Package pdftex.def Info: ./Figures/resultado_test_bg96.png  used on input line 87.
(pdftex.def)             Requested size: 190.99365pt x 142.26439pt.
LaTeX Info: Redefining \. on input line 98.
LaTeX Info: Redefining \% on input line 98.
 [28 <./Figures/resultado_test_aht10.png> <./Figures/resultado_test_bg96.png>]
<./Figures/cobertura_aht10_2.png, id=1017, 1829.83624pt x 393.47pt>
File: ./Figures/cobertura_aht10_2.png Graphic file (type png)
<use ./Figures/cobertura_aht10_2.png>
Package pdftex.def Info: ./Figures/cobertura_aht10_2.png  used on input line 103.
(pdftex.def)             Requested size: 389.80531pt x 91.04854pt.
<./Figures/cobertura_bg96_2.png, id=1018, 1829.83624pt x 392.46625pt>
File: ./Figures/cobertura_bg96_2.png Graphic file (type png)
<use ./Figures/cobertura_bg96_2.png>
Package pdftex.def Info: ./Figures/cobertura_bg96_2.png  used on input line 110.
(pdftex.def)             Requested size: 389.80531pt x 91.04384pt.
<./Figures/mosquito_enviodatos3.png, id=1020, 1596.96625pt x 346.29375pt>
File: ./Figures/mosquito_enviodatos3.png Graphic file (type png)
<use ./Figures/mosquito_enviodatos3.png>
Package pdftex.def Info: ./Figures/mosquito_enviodatos3.png  used on input line 122.
(pdftex.def)             Requested size: 389.78592pt x 91.04877pt.
LaTeX Info: Redefining \. on input line 132.
LaTeX Info: Redefining \% on input line 132.
 [29 <./Figures/cobertura_aht10_2.png> <./Figures/cobertura_bg96_2.png> <./Figures/mosquito_enviodatos3.png>]
<./Figures/tb_recepcion2.png, id=1030, 1031.855pt x 816.04875pt>
File: ./Figures/tb_recepcion2.png Graphic file (type png)
<use ./Figures/tb_recepcion2.png>
Package pdftex.def Info: ./Figures/tb_recepcion2.png  used on input line 141.
(pdftex.def)             Requested size: 312.97551pt x 227.62045pt.
<./Figures/map2.png, id=1032, 1116.17pt x 584.1825pt>
File: ./Figures/map2.png Graphic file (type png)
<use ./Figures/map2.png>
Package pdftex.def Info: ./Figures/map2.png  used on input line 151.
(pdftex.def)             Requested size: 312.96828pt x 162.17941pt.
LaTeX Info: Redefining \. on input line 159.
LaTeX Info: Redefining \% on input line 159.
 [30 <./Figures/tb_recepcion2.png> <./Figures/map2.png>]
<./Figures/alarmas_tb.png, id=1040, 840.89156pt x 359.84438pt>
File: ./Figures/alarmas_tb.png Graphic file (type png)
<use ./Figures/alarmas_tb.png>
Package pdftex.def Info: ./Figures/alarmas_tb.png  used on input line 162.
(pdftex.def)             Requested size: 389.80441pt x 199.1724pt.
<./Figures/persistencia_datos4.png, id=1042, 839.135pt x 533.995pt>
File: ./Figures/persistencia_datos4.png Graphic file (type png)
<use ./Figures/persistencia_datos4.png>
Package pdftex.def Info: ./Figures/persistencia_datos4.png  used on input line 173.
(pdftex.def)             Requested size: 389.7968pt x 227.62523pt.
LaTeX Info: Redefining \. on input line 183.
LaTeX Info: Redefining \% on input line 183.
 [31 <./Figures/alarmas_tb.png> <./Figures/persistencia_datos4.png>]
<./Figures/write_i2c.png, id=1051, 1114.91531pt x 185.94469pt>
File: ./Figures/write_i2c.png Graphic file (type png)
<use ./Figures/write_i2c.png>
Package pdftex.def Info: ./Figures/write_i2c.png  used on input line 186.
(pdftex.def)             Requested size: 389.8009pt x 85.35966pt.
<./Figures/read_i2c..png, id=1052, 1113.40968pt x 188.95593pt>
File: ./Figures/read_i2c..png Graphic file (type png)
<use ./Figures/read_i2c..png>
Package pdftex.def Info: ./Figures/read_i2c..png  used on input line 193.
(pdftex.def)             Requested size: 389.80116pt x 85.35806pt.
<./Figures/info_bytes.png, id=1054, 866.23625pt x 822.07124pt>
File: ./Figures/info_bytes.png Graphic file (type png)
<use ./Figures/info_bytes.png>
Package pdftex.def Info: ./Figures/info_bytes.png  used on input line 200.
(pdftex.def)             Requested size: 227.62173pt x 184.93295pt.
LaTeX Info: Redefining \. on input line 209.
LaTeX Info: Redefining \% on input line 209.
 [32 <./Figures/write_i2c.png> <./Figures/read_i2c..png> <./Figures/info_bytes.png>]
Overfull \hbox (9.44342pt too wide) in paragraph at lines 212--213
[]\T1/ppl/m/n/10.95 Respuesta: AT+QMTOPEN=0,^^Qmqtt.thingsboard.cloud^^Q,1883\r\r\nOK\r\n 
 []

<./Figures/trama_uart1.png, id=1062, 1092.33093pt x 187.45032pt>
File: ./Figures/trama_uart1.png Graphic file (type png)
<use ./Figures/trama_uart1.png>
Package pdftex.def Info: ./Figures/trama_uart1.png  used on input line 219.
(pdftex.def)             Requested size: 389.80531pt x 99.58559pt.
<./Figures/prototipo_implementacion3.png, id=1064, 273.02pt x 541.02126pt>
File: ./Figures/prototipo_implementacion3.png Graphic file (type png)
<use ./Figures/prototipo_implementacion3.png>
Package pdftex.def Info: ./Figures/prototipo_implementacion3.png  used on input line 230.
(pdftex.def)             Requested size: 128.03613pt x 199.16757pt.
<./Figures/prt_serca.png, id=1065, 650.43pt x 694.595pt>
File: ./Figures/prt_serca.png Graphic file (type png)
<use ./Figures/prt_serca.png>
Package pdftex.def Info: ./Figures/prt_serca.png  used on input line 235.
(pdftex.def)             Requested size: 142.26135pt x 142.2657pt.
LaTeX Info: Redefining \. on input line 245.
LaTeX Info: Redefining \% on input line 245.
[33 <./Figures/trama_uart1.png> <./Figures/prototipo_implementacion3.png> <./Figures/prt_serca.png>]
<./Figures/tb_prueba1.png, id=1073, 1844.8925pt x 919.435pt>
File: ./Figures/tb_prueba1.png Graphic file (type png)
<use ./Figures/tb_prueba1.png>
Package pdftex.def Info: ./Figures/tb_prueba1.png  used on input line 256.
(pdftex.def)             Requested size: 389.80353pt x 199.16179pt.
LaTeX Info: Redefining \. on input line 270.
LaTeX Info: Redefining \% on input line 270.
 [34 <./Figures/tb_prueba1.png>]
<./Figures/humedad_alta_tb.png, id=1080, 1845.89626pt x 924.45375pt>
File: ./Figures/humedad_alta_tb.png Graphic file (type png)
<use ./Figures/humedad_alta_tb.png>
Package pdftex.def Info: ./Figures/humedad_alta_tb.png  used on input line 274.
(pdftex.def)             Requested size: 389.79028pt x 199.16275pt.
<./Figures/trama_envio_datos3.png, id=1082, 944.02687pt x 326.11838pt>
File: ./Figures/trama_envio_datos3.png Graphic file (type png)
<use ./Figures/trama_envio_datos3.png>
Package pdftex.def Info: ./Figures/trama_envio_datos3.png  used on input line 285.
(pdftex.def)             Requested size: 369.88315pt x 227.62444pt.
LaTeX Info: Redefining \. on input line 292.
LaTeX Info: Redefining \% on input line 292.
 [35

 <./Figures/humedad_alta_tb.png> <./Figures/trama_envio_datos3.png>]
<./Figures/comandos_sms4.png, id=1091, 308.15125pt x 81.30376pt>
File: ./Figures/comandos_sms4.png Graphic file (type png)
<use ./Figures/comandos_sms4.png>
Package pdftex.def Info: ./Figures/comandos_sms4.png  used on input line 302.
(pdftex.def)             Requested size: 170.72032pt x 85.36523pt.
<./Figures/sms_alarma2.png, id=1092, 370.38374pt x 243.91125pt>
File: ./Figures/sms_alarma2.png Graphic file (type png)
<use ./Figures/sms_alarma2.png>
Package pdftex.def Info: ./Figures/sms_alarma2.png  used on input line 309.
(pdftex.def)             Requested size: 170.71768pt x 113.81206pt.
)
LaTeX Info: Redefining \. on input line 127.
LaTeX Info: Redefining \% on input line 127.
 [36 <./Figures/comandos_sms4.png> <./Figures/sms_alarma2.png>]
\openout2 = `Chapters/Chapter5.aux'.

 (./Chapters/Chapter5.tex
Cap\'{\i }tulo 5.
1: section
[37



]
Overfull \hbox (3.91327pt too wide) in paragraph at lines 37--38
[]\T1/ppl/m/n/10.95 Sistemas Ope-ra-ti-vos de Tiem-po Real: se im-ple-men-tó el firm-wa-re so-bre freeR-
 []

)
LaTeX Info: Redefining \. on input line 128.
LaTeX Info: Redefining \% on input line 128.
 [38]
1: section
[39


]
Package atveryend Info: Empty hook `BeforeClearDocument' on input line 153.
LaTeX Info: Redefining \. on input line 153.
LaTeX Info: Redefining \% on input line 153.
 [40]
Package atveryend Info: Empty hook `AfterLastShipout' on input line 153.
 (/home/mario/Documents/memoria_CESE/build/memoria.aux
LaTeX Info: Redefining \. on input line 31.
LaTeX Info: Redefining \% on input line 31.
 (/home/mario/Documents/memoria_CESE/build/Chapters/Chapter1.aux) (/home/mario/Documents/memoria_CESE/build/Chapters/Chapter2.aux) (/home/mario/Documents/memoria_CESE/build/Chapters/Chapter3.aux) (/home/mario/Documents/memoria_CESE/build/Chapters/Chapter4.aux) (/home/mario/Documents/memoria_CESE/build/Chapters/Chapter5.aux))
Package atveryend Info: Executing hook `AtVeryEndDocument' on input line 153.
Package atveryend Info: Executing hook `AtEndAfterFileList' on input line 153.
Package rerunfilecheck Info: File `memoria.out' has not changed.
(rerunfilecheck)             Checksum: 96BE1839A1B5B0A0F1BD51E8DB97C527;5224.
Package logreq Info: Writing requests to 'memoria.run.xml'.
\openout1 = `memoria.run.xml'.

 ) 
Here is how much of TeX's memory you used:
 26894 strings out of 481239
 566712 string characters out of 5920377
 1309301 words of memory out of 5000000
 41336 multiletter control sequences out of 15000+600000
 585106 words of font info for 106 fonts, out of 8000000 for 9000
 1142 hyphenation exceptions out of 8191
 64i,21n,86p,951b,3739s stack positions out of 5000i,500n,10000p,200000b,80000s
pdfTeX warning (dest): name{Hfootnote.17} has been referenced but does not exist, replaced by a fixed one

pdfTeX warning (dest): name{Hfootnote.16} has been referenced but does not exist, replaced by a fixed one

pdfTeX warning (dest): name{Hfootnote.15} has been referenced but does not exist, replaced by a fixed one

pdfTeX warning (dest): name{Hfootnote.14} has been referenced but does not exist, replaced by a fixed one

pdfTeX warning (dest): name{Hfootnote.13} has been referenced but does not exist, replaced by a fixed one

pdfTeX warning (dest): name{Hfootnote.12} has been referenced but does not exist, replaced by a fixed one

pdfTeX warning (dest): name{Hfootnote.11} has been referenced but does not exist, replaced by a fixed one

pdfTeX warning (dest): name{Hfootnote.10} has been referenced but does not exist, replaced by a fixed one

pdfTeX warning (dest): name{Hfootnote.9} has been referenced but does not exist, replaced by a fixed one

pdfTeX warning (dest): name{Hfootnote.8} has been referenced but does not exist, replaced by a fixed one

pdfTeX warning (dest): name{Hfootnote.7} has been referenced but does not exist, replaced by a fixed one

pdfTeX warning (dest): name{Hfootnote.6} has been referenced but does not exist, replaced by a fixed one

pdfTeX warning (dest): name{Hfootnote.5} has been referenced but does not exist, replaced by a fixed one

pdfTeX warning (dest): name{Hfootnote.4} has been referenced but does not exist, replaced by a fixed one

pdfTeX warning (dest): name{Hfootnote.3} has been referenced but does not exist, replaced by a fixed one

pdfTeX warning (dest): name{Hfootnote.2} has been referenced but does not exist, replaced by a fixed one

pdfTeX warning (dest): name{Hfootnote.1} has been referenced but does not exist, replaced by a fixed one

{/usr/share/texlive/texmf-dist/fonts/enc/dvips/base/8r.enc}</usr/share/texlive/texmf-dist/fonts/type1/public/amsfonts/cm/cmmi10.pfb></usr/share/texlive/texmf-dist/fonts/type1/public/amsfonts/cm/cmr10.pfb></usr/share/texlive/texmf-dist/fonts/type1/public/amsfonts/cm/cmr8.pfb></usr/share/texlive/texmf-dist/fonts/type1/public/amsfonts/cm/cmsy9.pfb></usr/share/texlive/texmf-dist/fonts/type1/urw/palatino/uplb8a.pfb></usr/share/texlive/texmf-dist/fonts/type1/urw/palatino/uplr8a.pfb></usr/share/texlive/texmf-dist/fonts/type1/urw/palatino/uplr8a.pfb></usr/share/texlive/texmf-dist/fonts/type1/urw/palatino/uplri8a.pfb>
Output written on /home/mario/Documents/memoria_CESE/build/memoria.pdf (52 pages, 9886995 bytes).
PDF statistics:
 1251 PDF objects out of 1440 (max. 8388607)
 1068 compressed objects within 11 object streams
 386 named destinations out of 1000 (max. 500000)
 821 words of extra memory for PDF output out of 10000 (max. 10000000)

